# JRE version: OpenJDK Runtime Environment (8.0_242-b01) (build 1.8.0_242-release-1644-b01)
# Java VM: OpenJDK 64-Bit Server VM (25.242-b01 mixed mode windows-amd64 compressed oops)
Heap:
 PSYoungGen      total 466944K, used 148953K [0x00000000d5580000, 0x00000000f8200000, 0x0000000100000000)
  eden space 421376K, 30% used [0x00000000d5580000,0x00000000dd406228,0x00000000ef100000)
  from space 45568K, 42% used [0x00000000ef100000,0x00000000f03f0330,0x00000000f1d80000)
  to   space 44544K, 0% used [0x00000000f5680000,0x00000000f5680000,0x00000000f8200000)
 ParOldGen       total 218624K, used 65819K [0x0000000080000000, 0x000000008d580000, 0x00000000d5580000)
  object space 218624K, 30% used [0x0000000080000000,0x0000000084046ee0,0x000000008d580000)
 Metaspace       used 103227K, capacity 108406K, committed 108464K, reserved 1142784K
  class space    used 13414K, capacity 14455K, committed 14512K, reserved 1048576K
GC Heap History (10 events):
Event: 229.989 GC heap before
{Heap before GC invocations=15 (full 3):
 PSYoungGen      total 397312K, used 397311K [0x00000000d5580000, 0x00000000f4e80000, 0x0000000100000000)
  eden space 365056K, 100% used [0x00000000d5580000,0x00000000eba00000,0x00000000eba00000)
  from space 32256K, 99% used [0x00000000eba00000,0x00000000ed97ff28,0x00000000ed980000)
  to   space 44544K, 0% used [0x00000000f2300000,0x00000000f2300000,0x00000000f4e80000)
 ParOldGen       total 218624K, used 59169K [0x0000000080000000, 0x000000008d580000, 0x00000000d5580000)
  object space 218624K, 27% used [0x0000000080000000,0x00000000839c87b0,0x000000008d580000)
 Metaspace       used 84545K, capacity 88622K, committed 88752K, reserved 1126400K
  class space    used 10981K, capacity 11848K, committed 11952K, reserved 1048576K
Event: 230.030 GC heap after
Heap after GC invocations=15 (full 3):
 PSYoungGen      total 461312K, used 28636K [0x00000000d5580000, 0x00000000f4a00000, 0x0000000100000000)
  eden space 421376K, 0% used [0x00000000d5580000,0x00000000d5580000,0x00000000ef100000)
  from space 39936K, 71% used [0x00000000f2300000,0x00000000f3ef7158,0x00000000f4a00000)
  to   space 45568K, 0% used [0x00000000ef100000,0x00000000ef100000,0x00000000f1d80000)
 ParOldGen       total 218624K, used 61554K [0x0000000080000000, 0x000000008d580000, 0x00000000d5580000)
  object space 218624K, 28% used [0x0000000080000000,0x0000000083c1ca88,0x000000008d580000)
 Metaspace       used 84545K, capacity 88622K, committed 88752K, reserved 1126400K
  class space    used 10981K, capacity 11848K, committed 11952K, reserved 1048576K
}
Event: 240.409 GC heap before
{Heap before GC invocations=16 (full 3):
 PSYoungGen      total 461312K, used 350780K [0x00000000d5580000, 0x00000000f4a00000, 0x0000000100000000)
  eden space 421376K, 76% used [0x00000000d5580000,0x00000000e9018228,0x00000000ef100000)
  from space 39936K, 71% used [0x00000000f2300000,0x00000000f3ef7158,0x00000000f4a00000)
  to   space 45568K, 0% used [0x00000000ef100000,0x00000000ef100000,0x00000000f1d80000)
 ParOldGen       total 218624K, used 61554K [0x0000000080000000, 0x000000008d580000, 0x00000000d5580000)
  object space 218624K, 28% used [0x0000000080000000,0x0000000083c1ca88,0x000000008d580000)
 Metaspace       used 94146K, capacity 98462K, committed 98600K, reserved 1134592K
  class space    used 12224K, capacity 13126K, committed 13232K, reserved 1048576K
Event: 240.435 GC heap after
Heap after GC invocations=16 (full 3):
 PSYoungGen      total 466944K, used 23547K [0x00000000d5580000, 0x00000000f8200000, 0x0000000100000000)
  eden space 421376K, 0% used [0x00000000d5580000,0x00000000d5580000,0x00000000ef100000)
  from space 45568K, 51% used [0x00000000ef100000,0x00000000f07fec80,0x00000000f1d80000)
  to   space 44544K, 0% used [0x00000000f5680000,0x00000000f5680000,0x00000000f8200000)
 ParOldGen       total 218624K, used 61562K [0x0000000080000000, 0x000000008d580000, 0x00000000d5580000)
  object space 218624K, 28% used [0x0000000080000000,0x0000000083c1ea88,0x000000008d580000)
 Metaspace       used 94146K, capacity 98462K, committed 98600K, reserved 1134592K
  class space    used 12224K, capacity 13126K, committed 13232K, reserved 1048576K
}
Event: 240.435 GC heap before
{Heap before GC invocations=17 (full 4):
 PSYoungGen      total 466944K, used 23547K [0x00000000d5580000, 0x00000000f8200000, 0x0000000100000000)
  eden space 421376K, 0% used [0x00000000d5580000,0x00000000d5580000,0x00000000ef100000)
  from space 45568K, 51% used [0x00000000ef100000,0x00000000f07fec80,0x00000000f1d80000)
  to   space 44544K, 0% used [0x00000000f5680000,0x00000000f5680000,0x00000000f8200000)
 ParOldGen       total 218624K, used 61562K [0x0000000080000000, 0x000000008d580000, 0x00000000d5580000)
  object space 218624K, 28% used [0x0000000080000000,0x0000000083c1ea88,0x000000008d580000)
 Metaspace       used 94146K, capacity 98462K, committed 98600K, reserved 1134592K
  class space    used 12224K, capacity 13126K, committed 13232K, reserved 1048576K
Event: 240.699 GC heap after
Heap after GC invocations=17 (full 4):
 PSYoungGen      total 466944K, used 0K [0x00000000d5580000, 0x00000000f8200000, 0x0000000100000000)
  eden space 421376K, 0% used [0x00000000d5580000,0x00000000d5580000,0x00000000ef100000)
  from space 45568K, 0% used [0x00000000ef100000,0x00000000ef100000,0x00000000f1d80000)
  to   space 44544K, 0% used [0x00000000f5680000,0x00000000f5680000,0x00000000f8200000)
 ParOldGen       total 218624K, used 65803K [0x0000000080000000, 0x000000008d580000, 0x00000000d5580000)
  object space 218624K, 30% used [0x0000000080000000,0x0000000084042ee0,0x000000008d580000)
 Metaspace       used 93988K, capacity 98014K, committed 98600K, reserved 1134592K
  class space    used 12173K, capacity 13041K, committed 13232K, reserved 1048576K
}
Event: 244.772 GC heap before
{Heap before GC invocations=18 (full 4):
 PSYoungGen      total 466944K, used 421376K [0x00000000d5580000, 0x00000000f8200000, 0x0000000100000000)
  eden space 421376K, 100% used [0x00000000d5580000,0x00000000ef100000,0x00000000ef100000)
  from space 45568K, 0% used [0x00000000ef100000,0x00000000ef100000,0x00000000f1d80000)
  to   space 44544K, 0% used [0x00000000f5680000,0x00000000f5680000,0x00000000f8200000)
 ParOldGen       total 218624K, used 65803K [0x0000000080000000, 0x000000008d580000, 0x00000000d5580000)
  object space 218624K, 30% used [0x0000000080000000,0x0000000084042ee0,0x000000008d580000)
 Metaspace       used 102711K, capacity 107782K, committed 107824K, reserved 1142784K
  class space    used 13347K, capacity 14357K, committed 14384K, reserved 1048576K
Event: 244.806 GC heap after
Heap after GC invocations=18 (full 4):
 PSYoungGen      total 465920K, used 23097K [0x00000000d5580000, 0x00000000f8200000, 0x0000000100000000)
  eden space 421376K, 0% used [0x00000000d5580000,0x00000000d5580000,0x00000000ef100000)
  from space 44544K, 51% used [0x00000000f5680000,0x00000000f6d0e588,0x00000000f8200000)
  to   space 45568K, 0% used [0x00000000ef100000,0x00000000ef100000,0x00000000f1d80000)
 ParOldGen       total 218624K, used 65811K [0x0000000080000000, 0x000000008d580000, 0x00000000d5580000)
  object space 218624K, 30% used [0x0000000080000000,0x0000000084044ee0,0x000000008d580000)
 Metaspace       used 102711K, capacity 107782K, committed 107824K, reserved 1142784K
  class space    used 13347K, capacity 14357K, committed 14384K, reserved 1048576K
}
Event: 246.399 GC heap before
{Heap before GC invocations=19 (full 4):
 PSYoungGen      total 465920K, used 444473K [0x00000000d5580000, 0x00000000f8200000, 0x0000000100000000)
  eden space 421376K, 100% used [0x00000000d5580000,0x00000000ef100000,0x00000000ef100000)
  from space 44544K, 51% used [0x00000000f5680000,0x00000000f6d0e588,0x00000000f8200000)
  to   space 45568K, 0% used [0x00000000ef100000,0x00000000ef100000,0x00000000f1d80000)
 ParOldGen       total 218624K, used 65811K [0x0000000080000000, 0x000000008d580000, 0x00000000d5580000)
  object space 218624K, 30% used [0x0000000080000000,0x0000000084044ee0,0x000000008d580000)
 Metaspace       used 103085K, capacity 108242K, committed 108464K, reserved 1142784K
  class space    used 13413K, capacity 14453K, committed 14512K, reserved 1048576K
Event: 246.429 GC heap after
Heap after GC invocations=19 (full 4):
 PSYoungGen      total 466944K, used 19392K [0x00000000d5580000, 0x00000000f8200000, 0x0000000100000000)
  eden space 421376K, 0% used [0x00000000d5580000,0x00000000d5580000,0x00000000ef100000)
  from space 45568K, 42% used [0x00000000ef100000,0x00000000f03f0330,0x00000000f1d80000)
  to   space 44544K, 0% used [0x00000000f5680000,0x00000000f5680000,0x00000000f8200000)
 ParOldGen       total 218624K, used 65819K [0x0000000080000000, 0x000000008d580000, 0x00000000d5580000)
  object space 218624K, 30% used [0x0000000080000000,0x0000000084046ee0,0x000000008d580000)
 Metaspace       used 103085K, capacity 108242K, committed 108464K, reserved 1142784K
  class space    used 13413K, capacity 14453K, committed 14512K, reserved 1048576K
}

